<?xml version="1.0" encoding="UTF-8"?>
<testng-results skipped="0" failed="0" total="1" passed="1">
  <reporter-output>
  </reporter-output>
  <suite name="Default suite" duration-ms="63274" started-at="2017-06-07T17:58:30Z" finished-at="2017-06-07T17:59:34Z">
    <groups>
    </groups>
    <test name="Default test" duration-ms="63274" started-at="2017-06-07T17:58:30Z" finished-at="2017-06-07T17:59:34Z">
      <class name="com.qa.TestProject.MobileAutomationExercise_03">
        <test-method status="PASS" signature="SetUp(java.lang.reflect.Method)[pri:0, instance:com.qa.TestProject.MobileAutomationExercise_03@3c0ecd4b]" name="SetUp" is-config="true" duration-ms="33960" started-at="2017-06-07T13:58:30Z" finished-at="2017-06-07T13:59:04Z">
          <params>
            <param index="0">
              <value>
                <![CDATA[public void com.qa.TestProject.MobileAutomationExercise_03.AndroidAutomation() throws java.lang.Exception]]>
              </value>
            </param>
          </params>
          <reporter-output>
          </reporter-output>
        </test-method> <!-- SetUp -->
        <test-method status="PASS" signature="AndroidAutomation()[pri:0, instance:com.qa.TestProject.MobileAutomationExercise_03@3c0ecd4b]" name="AndroidAutomation" duration-ms="24679" started-at="2017-06-07T13:59:04Z" finished-at="2017-06-07T13:59:29Z">
          <reporter-output>
          </reporter-output>
        </test-method> <!-- AndroidAutomation -->
        <test-method status="PASS" signature="TearDown()[pri:0, instance:com.qa.TestProject.MobileAutomationExercise_03@3c0ecd4b]" name="TearDown" is-config="true" duration-ms="4605" started-at="2017-06-07T13:59:29Z" finished-at="2017-06-07T13:59:34Z">
          <reporter-output>
          </reporter-output>
        </test-method> <!-- TearDown -->
      </class> <!-- com.qa.TestProject.MobileAutomationExercise_03 -->
    </test> <!-- Default test -->
  </suite> <!-- Default suite -->
</testng-results>
